TN:
SF:/work/05896/yx1023/student-willway1023yx/proj02/src/build_linear_system.c
FN:3,build_linear_system
FNDA:6,build_linear_system
FNF:1
FNH:1
DA:3,6
DA:5,6
DA:11,6
DA:12,6
DA:14,6
DA:16,6
DA:17,6
DA:20,6
DA:22,3
DA:24,2
DA:27,2
DA:28,2
DA:29,2
DA:31,260
DA:33,258
DA:34,258
DA:37,258
DA:39,258
DA:41,4
DA:42,4
DA:43,4
DA:47,254
DA:48,1016
DA:50,762
DA:51,762
DA:57,3
DA:59,1
DA:62,1
DA:63,1
DA:64,1
DA:66,130
DA:68,129
DA:69,129
DA:72,129
DA:74,129
DA:76,4
DA:77,4
DA:78,4
DA:82,125
DA:83,750
DA:85,625
DA:86,625
DA:93,6
DA:95,3
DA:97,2
DA:100,2
DA:101,2
DA:102,2
DA:104,33284
DA:106,33282
DA:107,33282
DA:110,258
DA:112,258
DA:114,516
DA:116,516
DA:117,516
DA:118,516
DA:123,32766
DA:125,32766
DA:127,508
DA:128,508
DA:129,508
DA:133,32258
DA:134,32258
DA:135,32258
DA:137,129032
DA:138,96774
DA:139,161290
DA:140,161290
DA:147,3
DA:149,1
DA:156,1
DA:157,1
DA:158,1
DA:160,16642
DA:162,16641
DA:163,16641
DA:166,129
DA:168,129
DA:170,516
DA:172,516
DA:173,516
DA:174,516
DA:179,16125
DA:181,16125
DA:183,500
DA:184,500
DA:185,500
DA:189,15625
DA:190,15625
DA:191,15625
DA:192,15625
DA:193,15625
DA:195,93750
DA:196,78125
DA:197,140625
DA:198,140625
DA:205,6
DA:208,6
DA:210,6
DA:211,6
DA:213,6
DA:214,50316
DA:215,50310
DA:216,6
DA:218,6
DA:219,50316
DA:221,305350
DA:222,305350
DA:223,50310
DA:225,6
DA:227,6
DA:228,50316
DA:230,305350
DA:231,305350
DA:232,50310
DA:234,6
DA:238,6
DA:240,6
DA:241,50316
DA:242,50310
DA:243,6
DA:246,6
DA:248,6
DA:249,6
DA:252,6
LF:126
LH:126
end_of_record
TN:
SF:/work/05896/yx1023/student-willway1023yx/proj02/src/error_norm.c
FN:3,error_norm
FNDA:113596,error_norm
FNF:1
FNH:1
DA:3,113596
DA:5,113596
DA:7,756866296
DA:8,756752700
DA:12,113596
DA:14,113596
LF:6
LH:6
end_of_record
TN:
SF:/work/05896/yx1023/student-willway1023yx/proj02/src/init.c
FN:3,init
FNDA:6,init
FNF:1
FNH:1
DA:3,6
DA:5,6
DA:6,6
DA:8,6
DA:11,6
DA:14,6
DA:16,3
DA:20,3
DA:23,3
DA:24,3
DA:27,3
DA:28,3
DA:29,3
DA:30,3
DA:31,390
DA:34,387
DA:36,387
DA:38,387
DA:40,387
DA:42,6
DA:45,381
DA:48,3
DA:50,1
DA:51,1
DA:55,6
DA:58,3
DA:62,3
DA:65,3
DA:66,3
DA:67,3
DA:70,3
DA:71,3
DA:72,3
DA:73,3
DA:74,3
DA:76,390
DA:77,49923
DA:80,49923
DA:81,49923
DA:84,49923
DA:86,49923
DA:88,49923
DA:90,1536
DA:93,48387
DA:97,3
DA:99,129
DA:101,129
DA:102,129
DA:104,129
DA:106,129
DA:107,129
DA:112,6
DA:114,6
DA:116,6
DA:117,6
DA:119,6
LF:56
LH:56
end_of_record
TN:
SF:/work/05896/yx1023/student-willway1023yx/proj02/src/main.c
FN:3,main
FNDA:6,main
FNF:1
FNH:1
DA:3,6
DA:6,6
DA:8,0
DA:9,0
DA:15,6
DA:18,6
DA:19,6
DA:20,6
DA:34,6
DA:35,6
DA:37,6
DA:39,6
DA:40,6
DA:42,6
DA:43,6
LF:15
LH:13
end_of_record
TN:
SF:/work/05896/yx1023/student-willway1023yx/proj02/src/output.c
FN:3,output
FNDA:6,output
FNF:1
FNH:1
DA:3,6
DA:5,6
DA:8,6
DA:9,6
DA:17,6
DA:19,6
DA:20,6
DA:22,6
DA:24,6
DA:25,6
DA:26,6
DA:28,6
DA:30,3
DA:31,3
DA:32,3
DA:33,3
DA:34,3
DA:37,6
DA:38,6
DA:39,6
DA:40,6
DA:41,6
DA:43,6
DA:45,6
DA:46,6
DA:47,6
DA:48,6
DA:49,6
DA:53,6
DA:55,6
DA:57,0
DA:58,0
DA:61,6
DA:63,6
DA:64,6
DA:66,0
DA:67,0
DA:70,6
DA:72,6
DA:73,6
DA:76,6
DA:78,6
DA:79,6
DA:89,6
DA:90,6
DA:91,6
DA:92,6
DA:93,50316
DA:95,50310
DA:96,50310
DA:98,6
DA:99,6
DA:100,6
DA:101,6
DA:103,6
DA:105,6
DA:107,6
DA:108,6
DA:110,6
LF:59
LH:55
end_of_record
TN:
SF:/work/05896/yx1023/student-willway1023yx/proj02/src/parse_input.c
FN:3,parse_input
FNDA:6,parse_input
FNF:1
FNH:1
DA:3,6
DA:5,6
DA:12,6
DA:14,6
DA:16,0
DA:17,0
DA:20,6
DA:22,6
DA:24,6
DA:25,6
DA:26,6
DA:30,6
DA:31,6
DA:32,6
DA:35,6
DA:36,6
DA:37,6
DA:38,6
DA:39,6
DA:40,6
DA:42,6
DA:44,0
DA:45,0
DA:48,6
DA:50,0
DA:51,0
DA:55,6
DA:57,6
DA:58,6
DA:60,6
DA:62,6
DA:63,6
DA:64,6
DA:65,6
DA:66,6
DA:67,6
DA:70,6
DA:72,6
DA:73,6
DA:74,6
DA:75,3
DA:76,6
DA:80,6
DA:81,6
DA:82,6
DA:83,6
DA:92,6
DA:94,0
DA:95,0
DA:100,6
DA:103,6
DA:105,6
DA:106,6
DA:107,6
DA:108,2
DA:109,4
DA:110,4
DA:111,6
DA:112,6
DA:113,6
DA:116,6
DA:118,6
DA:119,6
DA:120,6
DA:122,0
DA:123,0
DA:125,6
DA:126,6
LF:68
LH:58
end_of_record
TN:
SF:/work/05896/yx1023/student-willway1023yx/proj02/src/solve_system.c
FN:3,solve_system
FNDA:6,solve_system
FNF:1
FNH:1
DA:3,6
DA:5,6
DA:7,6
DA:8,6
DA:10,6
DA:11,6
DA:105,6
DA:108,2
DA:109,2
DA:114,2
DA:115,16772
DA:116,16770
DA:118,32536
DA:120,262593690
DA:122,262593690
DA:123,1539088070
DA:125,1276494380
DA:126,1013900690
DA:128,262593690
DA:130,262593690
DA:133,32538
DA:134,32538
DA:135,32538
DA:136,32538
DA:139,262576920
DA:140,262576920
DA:142,2
DA:143,2
DA:144,2
DA:148,4
DA:151,4
DA:152,4
DA:157,4
DA:159,33544
DA:160,33540
DA:162,33540
DA:164,33540
DA:165,33540
DA:167,81048
DA:169,494108700
DA:171,494108700
DA:172,3872120388
DA:174,3378011688
DA:175,2883902988
DA:177,494108700
DA:179,494108700
DA:181,81052
DA:182,81052
DA:183,81052
DA:184,81052
DA:187,494075160
DA:188,494075160
DA:190,4
DA:192,4
DA:193,4
DA:196,6
DA:198,6
DA:199,6
DA:202,6
DA:203,6
LF:60
LH:60
end_of_record
